<?xml version="1.0" encoding="UTF-8"?>
<testsuite name="br.com.fiap.pagamento.service.PagamentoServiceFase4ApplicationTests" tests="1" skipped="0" failures="0" errors="0" timestamp="2024-12-03T00:07:54" hostname="DESKTOP-FELIPE" time="0.517">
  <properties/>
  <testcase name="contextLoads()" classname="br.com.fiap.pagamento.service.PagamentoServiceFase4ApplicationTests" time="0.517"/>
  <system-out><![CDATA[21:07:47.437 [Test worker] INFO org.springframework.test.context.support.AnnotationConfigContextLoaderUtils -- Could not detect default configuration classes for test class [br.com.fiap.pagamento.service.PagamentoServiceFase4ApplicationTests]: PagamentoServiceFase4ApplicationTests does not declare any static, non-private, non-final, nested classes annotated with @Configuration.
21:07:47.713 [Test worker] INFO org.springframework.boot.test.context.SpringBootTestContextBootstrapper -- Found @SpringBootConfiguration br.com.fiap.pagamento.service.PagamentoServiceFase4Application for test class br.com.fiap.pagamento.service.PagamentoServiceFase4ApplicationTests

  .   ____          _            __ _ _
 /\\ / ___'_ __ _ _(_)_ __  __ _ \ \ \ \
( ( )\___ | '_ | '_| | '_ \/ _` | \ \ \ \
 \\/  ___)| |_)| | | | | || (_| |  ) ) ) )
  '  |____| .__|_| |_|_| |_\__, | / / / /
 =========|_|==============|___/=/_/_/_/
 :: Spring Boot ::                (v3.1.4)

2024-12-02T21:07:48.524-03:00  INFO 35656 --- [    Test worker] .s.PagamentoServiceFase4ApplicationTests : Starting PagamentoServiceFase4ApplicationTests using Java 17.0.8 with PID 35656 (started by User in Y:\FIAP\repositorios\fase4\grupo27-6soat-fiap-foodtech-fase04-pagamento-service)
2024-12-02T21:07:48.527-03:00  INFO 35656 --- [    Test worker] .s.PagamentoServiceFase4ApplicationTests : No active profile set, falling back to 1 default profile: "default"
2024-12-02T21:07:49.804-03:00  INFO 35656 --- [    Test worker] .s.d.r.c.RepositoryConfigurationDelegate : Bootstrapping Spring Data JPA repositories in DEFAULT mode.
2024-12-02T21:07:49.914-03:00  INFO 35656 --- [    Test worker] .s.d.r.c.RepositoryConfigurationDelegate : Finished Spring Data repository scanning in 95 ms. Found 1 JPA repository interfaces.
2024-12-02T21:07:50.665-03:00  INFO 35656 --- [    Test worker] o.hibernate.jpa.internal.util.LogHelper  : HHH000204: Processing PersistenceUnitInfo [name: default]
2024-12-02T21:07:50.788-03:00  INFO 35656 --- [    Test worker] org.hibernate.Version                    : HHH000412: Hibernate ORM core version 6.2.9.Final
2024-12-02T21:07:50.793-03:00  INFO 35656 --- [    Test worker] org.hibernate.cfg.Environment            : HHH000406: Using bytecode reflection optimizer
2024-12-02T21:07:51.020-03:00  INFO 35656 --- [    Test worker] o.h.b.i.BytecodeProviderInitiator        : HHH000021: Bytecode provider name : bytebuddy
2024-12-02T21:07:51.212-03:00  INFO 35656 --- [    Test worker] o.s.o.j.p.SpringPersistenceUnitInfo      : No LoadTimeWeaver setup: ignoring JPA class transformer
2024-12-02T21:07:51.244-03:00  INFO 35656 --- [    Test worker] com.zaxxer.hikari.HikariDataSource       : HikariPool-1 - Starting...
2024-12-02T21:07:51.638-03:00  INFO 35656 --- [    Test worker] com.zaxxer.hikari.pool.HikariPool        : HikariPool-1 - Added connection conn0: url=jdbc:h2:mem:dbtest user=SA
2024-12-02T21:07:51.640-03:00  INFO 35656 --- [    Test worker] com.zaxxer.hikari.HikariDataSource       : HikariPool-1 - Start completed.
2024-12-02T21:07:51.993-03:00  INFO 35656 --- [    Test worker] o.h.b.i.BytecodeProviderInitiator        : HHH000021: Bytecode provider name : bytebuddy
2024-12-02T21:07:52.916-03:00  INFO 35656 --- [    Test worker] o.h.e.t.j.p.i.JtaPlatformInitiator       : HHH000490: Using JtaPlatform implementation: [org.hibernate.engine.transaction.jta.platform.internal.NoJtaPlatform]
2024-12-02T21:07:52.964-03:00  INFO 35656 --- [    Test worker] j.LocalContainerEntityManagerFactoryBean : Initialized JPA EntityManagerFactory for persistence unit 'default'
2024-12-02T21:07:54.137-03:00  WARN 35656 --- [    Test worker] JpaBaseConfiguration$JpaWebConfiguration : spring.jpa.open-in-view is enabled by default. Therefore, database queries may be performed during view rendering. Explicitly configure spring.jpa.open-in-view to disable this warning
2024-12-02T21:07:54.599-03:00  INFO 35656 --- [    Test worker] .s.PagamentoServiceFase4ApplicationTests : Started PagamentoServiceFase4ApplicationTests in 6.542 seconds (process running for 9.119)
]]></system-out>
  <system-err><![CDATA[]]></system-err>
</testsuite>
