<?xml version="1.0" encoding="UTF-8"?>
<testsuite name="br.com.fiap.pagamento.service.core.usecases.pagamento.ConfirmPagamentoUsecaseTest" tests="4" skipped="0" failures="0" errors="0" timestamp="2024-12-03T00:07:55" hostname="DESKTOP-FELIPE" time="0.484">
  <properties/>
  <testcase name="shouldConfirmPaymentWhenTypeIsNotSandbox()" classname="br.com.fiap.pagamento.service.core.usecases.pagamento.ConfirmPagamentoUsecaseTest" time="0.462"/>
  <testcase name="shouldConfirmSandboxPaymentPago()" classname="br.com.fiap.pagamento.service.core.usecases.pagamento.ConfirmPagamentoUsecaseTest" time="0.005"/>
  <testcase name="shouldNotConfirmPaymentWhenGatewayDoesNotReturnPayment()" classname="br.com.fiap.pagamento.service.core.usecases.pagamento.ConfirmPagamentoUsecaseTest" time="0.005"/>
  <testcase name="shouldConfirmSandboxPaymentRejeitado()" classname="br.com.fiap.pagamento.service.core.usecases.pagamento.ConfirmPagamentoUsecaseTest" time="0.005"/>
  <system-out><![CDATA[]]></system-out>
  <system-err><![CDATA[]]></system-err>
</testsuite>
