<?xml version="1.0" encoding="UTF-8"?>
<testsuite name="br.com.fiap.pagamento.service.core.usecases.pagamento.GetPagamentoByIdUsecaseTest" tests="2" skipped="0" failures="0" errors="0" timestamp="2024-12-03T00:07:55" hostname="DESKTOP-FELIPE" time="0.008">
  <properties/>
  <testcase name="shouldReturnNullWhenIdDoesNotExist()" classname="br.com.fiap.pagamento.service.core.usecases.pagamento.GetPagamentoByIdUsecaseTest" time="0.004"/>
  <testcase name="shouldReturnCorrectPagamentoWhenIdExists()" classname="br.com.fiap.pagamento.service.core.usecases.pagamento.GetPagamentoByIdUsecaseTest" time="0.003"/>
  <system-out><![CDATA[]]></system-out>
  <system-err><![CDATA[]]></system-err>
</testsuite>
